10/18/2018 9:40:36 AM	This log contains information about the import schema operation into project 'Database1' on computer 'DESKTOP-NNO769C' by user 'mieds'.
10/18/2018 9:40:36 AM	Import of database schema has started.
10/18/2018 9:40:41 AM	Gathering logins
10/18/2018 9:41:55 AM	Gathering database credentials
10/18/2018 9:41:55 AM	Gathering database options
10/18/2018 9:41:55 AM	Gathering generic database scoped configuration option
10/18/2018 9:41:55 AM	Gathering users
10/18/2018 9:41:55 AM	Gathering roles
10/18/2018 9:41:55 AM	Gathering application roles
10/18/2018 9:41:55 AM	Gathering role memberships
10/18/2018 9:41:55 AM	Gathering filegroups
10/18/2018 9:41:55 AM	Gathering full-text catalogs
10/18/2018 9:41:55 AM	Gathering assemblies
10/18/2018 9:41:55 AM	Gathering certificates
10/18/2018 9:41:55 AM	Gathering symmetric keys
10/18/2018 9:41:55 AM	Gathering encrypted symmetric keys
10/18/2018 9:41:55 AM	Gathering schemas
10/18/2018 9:41:55 AM	Gathering XML schema collections
10/18/2018 9:41:55 AM	Gathering user-defined data types
10/18/2018 9:41:55 AM	Gathering user-defined types
10/18/2018 9:41:55 AM	Gathering table types
10/18/2018 9:41:55 AM	Gathering unique keys for table types
10/18/2018 9:41:55 AM	Gathering primary keys for table types
10/18/2018 9:41:55 AM	Gathering indexes for table types
10/18/2018 9:41:55 AM	Gathering check constraints for table types
10/18/2018 9:41:55 AM	Gathering default constraints for table types
10/18/2018 9:41:55 AM	Gathering partition functions
10/18/2018 9:41:55 AM	Gathering partition schemes
10/18/2018 9:41:55 AM	Gathering functions
10/18/2018 9:41:55 AM	Gathering encrypted functions
10/18/2018 9:41:55 AM	Gathering aggregates
10/18/2018 9:41:55 AM	Gathering procedures
10/18/2018 9:41:55 AM	Gathering encrypted procedures
10/18/2018 9:41:55 AM	Gathering tables
10/18/2018 9:41:55 AM	Gathering primary keys
10/18/2018 9:41:55 AM	Gathering unique constraints
10/18/2018 9:41:55 AM	Gathering foreign keys
10/18/2018 9:41:55 AM	Gathering default constraints
10/18/2018 9:41:55 AM	Gathering check constraints
10/18/2018 9:41:55 AM	Gathering views
10/18/2018 9:41:55 AM	Gathering encrypted views
10/18/2018 9:41:55 AM	Gathering indexes
10/18/2018 9:41:55 AM	Gathering statistics
10/18/2018 9:41:55 AM	Gathering full-text index stoplists
10/18/2018 9:41:55 AM	Gathering search property lists
10/18/2018 9:41:55 AM	Gathering search properties
10/18/2018 9:41:55 AM	Gathering full-text indexes
10/18/2018 9:41:55 AM	Gathering column store indexes
10/18/2018 9:41:55 AM	Gathering spatial indexes
10/18/2018 9:41:55 AM	Gathering XML indexes
10/18/2018 9:41:55 AM	Gathering Selective XML indexes
10/18/2018 9:41:55 AM	Gathering encrypted triggers
10/18/2018 9:41:55 AM	Gathering triggers
10/18/2018 9:41:55 AM	Gathering encrypted and clr ddl triggers
10/18/2018 9:41:55 AM	Gathering ddl triggers
10/18/2018 9:41:55 AM	Gathering synonyms
10/18/2018 9:41:55 AM	Gathering defaults
10/18/2018 9:41:55 AM	Gathering data constraint uddt bindings
10/18/2018 9:41:55 AM	Gathering rules
10/18/2018 9:41:55 AM	Gathering data constraint uddt bindings
10/18/2018 9:41:55 AM	Gathering message types
10/18/2018 9:41:55 AM	Gathering queues
10/18/2018 9:41:55 AM	Gathering contracts
10/18/2018 9:41:55 AM	Gathering services
10/18/2018 9:41:55 AM	Gathering event notifications
10/18/2018 9:41:55 AM	Gathering remote service bindings
10/18/2018 9:41:55 AM	Gathering broker priorities
10/18/2018 9:41:55 AM	Gathering signatures
10/18/2018 9:41:55 AM	Gathering data compression options
10/18/2018 9:41:55 AM	Gathering sequence types
10/18/2018 9:41:55 AM	Gathering security policies
10/18/2018 9:41:55 AM	Gather column encryption keys
10/18/2018 9:41:55 AM	Gathering column master keys
10/18/2018 9:41:55 AM	Gathering external data sources
10/18/2018 9:41:55 AM	Gathering external tables
10/18/2018 9:41:55 AM	Gathering extended properties
10/18/2018 9:41:57 AM	Gathering logins
10/18/2018 9:41:58 AM	Finished importing database.
10/18/2018 9:41:58 AM	A summary of the import was saved to the following location: C:\Users\mieds\source\repos\PersonalWebsite\Database1\Import Schema Logs\Database1_20181018014036.log
10/18/2018 9:41:58 AM	Click Finish to continue...
